<?xml version="1.0" encoding="UTF-8"?>
<testsuite name="com.csc.TestGroceryCounter" tests="9" skipped="0" failures="0" errors="0" timestamp="2024-09-15T22:45:27" hostname="KYLESPC" time="0.023">
  <properties/>
  <testcase name="itWorksForOverflowing()" classname="com.csc.TestGroceryCounter" time="0.011"/>
  <testcase name="itWorksForTwentyDollarsAndOneCent()" classname="com.csc.TestGroceryCounter" time="0.005"/>
  <testcase name="itWorksForCallingHundrethsFunction()" classname="com.csc.TestGroceryCounter" time="0.002"/>
  <testcase name="itWorksForANewCounterGroceryCounterObject()" classname="com.csc.TestGroceryCounter" time="0.001"/>
  <testcase name="itWorksForCallingTensFunction()" classname="com.csc.TestGroceryCounter" time="0.0"/>
  <testcase name="itWorksForCallingTenthsFunction()" classname="com.csc.TestGroceryCounter" time="0.0"/>
  <testcase name="itWorksForCallingOnesFunction()" classname="com.csc.TestGroceryCounter" time="0.001"/>
  <testcase name="itWorksForTwoOverFlowingAndTwentyDollarsAndFiftyCents()" classname="com.csc.TestGroceryCounter" time="0.0"/>
  <testcase name="itWorksForClearing()" classname="com.csc.TestGroceryCounter" time="0.0"/>
  <system-out><![CDATA[]]></system-out>
  <system-err><![CDATA[]]></system-err>
</testsuite>
